The system is: Linux - 4.15.0-65-generic - x86_64
Compiling the C compiler identification source file "CMakeCCompilerId.c" succeeded.
Compiler: /usr/bin/clang 
Build flags: 
Id flags:  

The output was:
0


Compilation of the C compiler identification source "CMakeCCompilerId.c" produced "a.out"

The C compiler identification is Clang, found in "/home/ics46b/projects/proj1/out/CMakeFiles/3.10.2/CompilerIdC/a.out"

Compiling the CXX compiler identification source file "CMakeCXXCompilerId.cpp" succeeded.
Compiler: /usr/bin/clang++ 
Build flags: 
Id flags:  

The output was:
0


Compilation of the CXX compiler identification source "CMakeCXXCompilerId.cpp" produced "a.out"

The CXX compiler identification is Clang, found in "/home/ics46b/projects/proj1/out/CMakeFiles/3.10.2/CompilerIdCXX/a.out"

Determining if the C compiler works passed with the following output:
Change Dir: /home/ics46b/projects/proj1/out/CMakeFiles/CMakeTmp

Run Build Command:"/usr/bin/make" "cmTC_9c460/fast"
/usr/bin/make -f CMakeFiles/cmTC_9c460.dir/build.make CMakeFiles/cmTC_9c460.dir/build
make[1]: Entering directory '/home/ics46b/projects/proj1/out/CMakeFiles/CMakeTmp'
Building C object CMakeFiles/cmTC_9c460.dir/testCCompiler.c.o
/usr/bin/clang    -o CMakeFiles/cmTC_9c460.dir/testCCompiler.c.o   -c /home/ics46b/projects/proj1/out/CMakeFiles/CMakeTmp/testCCompiler.c
Linking C executable cmTC_9c460
/usr/bin/cmake -E cmake_link_script CMakeFiles/cmTC_9c460.dir/link.txt --verbose=1
/usr/bin/clang      CMakeFiles/cmTC_9c460.dir/testCCompiler.c.o  -o cmTC_9c460 
make[1]: Leaving directory '/home/ics46b/projects/proj1/out/CMakeFiles/CMakeTmp'


Detecting C compiler ABI info compiled with the following output:
Change Dir: /home/ics46b/projects/proj1/out/CMakeFiles/CMakeTmp

Run Build Command:"/usr/bin/make" "cmTC_4cbf8/fast"
/usr/bin/make -f CMakeFiles/cmTC_4cbf8.dir/build.make CMakeFiles/cmTC_4cbf8.dir/build
make[1]: Entering directory '/home/ics46b/projects/proj1/out/CMakeFiles/CMakeTmp'
Building C object CMakeFiles/cmTC_4cbf8.dir/CMakeCCompilerABI.c.o
/usr/bin/clang    -o CMakeFiles/cmTC_4cbf8.dir/CMakeCCompilerABI.c.o   -c /usr/share/cmake-3.10/Modules/CMakeCCompilerABI.c
Linking C executable cmTC_4cbf8
/usr/bin/cmake -E cmake_link_script CMakeFiles/cmTC_4cbf8.dir/link.txt --verbose=1
/usr/bin/clang     -v CMakeFiles/cmTC_4cbf8.dir/CMakeCCompilerABI.c.o  -o cmTC_4cbf8 
clang version 8.0.1-svn369350-1~exp1~20190820121219.79 (branches/release_80)
Target: x86_64-pc-linux-gnu
Thread model: posix
InstalledDir: /usr/bin
Found candidate GCC installation: /usr/bin/../lib/gcc/x86_64-linux-gnu/7
Found candidate GCC installation: /usr/bin/../lib/gcc/x86_64-linux-gnu/7.4.0
Found candidate GCC installation: /usr/bin/../lib/gcc/x86_64-linux-gnu/8
Found candidate GCC installation: /usr/lib/gcc/x86_64-linux-gnu/7
Found candidate GCC installation: /usr/lib/gcc/x86_64-linux-gnu/7.4.0
Found candidate GCC installation: /usr/lib/gcc/x86_64-linux-gnu/8
Selected GCC installation: /usr/bin/../lib/gcc/x86_64-linux-gnu/7.4.0
Candidate multilib: .;@m64
Selected multilib: .;@m64
 "/usr/bin/ld" -z relro --hash-style=gnu --build-id --eh-frame-hdr -m elf_x86_64 -dynamic-linker /lib64/ld-linux-x86-64.so.2 -o cmTC_4cbf8 /usr/bin/../lib/gcc/x86_64-linux-gnu/7.4.0/../../../x86_64-linux-gnu/crt1.o /usr/bin/../lib/gcc/x86_64-linux-gnu/7.4.0/../../../x86_64-linux-gnu/crti.o /usr/bin/../lib/gcc/x86_64-linux-gnu/7.4.0/crtbegin.o -L/usr/bin/../lib/gcc/x86_64-linux-gnu/7.4.0 -L/usr/bin/../lib/gcc/x86_64-linux-gnu/7.4.0/../../../x86_64-linux-gnu -L/lib/x86_64-linux-gnu -L/lib/../lib64 -L/usr/lib/x86_64-linux-gnu -L/usr/bin/../lib/gcc/x86_64-linux-gnu/7.4.0/../../.. -L/usr/lib/llvm-8/bin/../lib -L/lib -L/usr/lib CMakeFiles/cmTC_4cbf8.dir/CMakeCCompilerABI.c.o -lgcc --as-needed -lgcc_s --no-as-needed -lc -lgcc --as-needed -lgcc_s --no-as-needed /usr/bin/../lib/gcc/x86_64-linux-gnu/7.4.0/crtend.o /usr/bin/../lib/gcc/x86_64-linux-gnu/7.4.0/../../../x86_64-linux-gnu/crtn.o
make[1]: Leaving directory '/home/ics46b/projects/proj1/out/CMakeFiles/CMakeTmp'


Parsed C implicit link information from above output:
  link line regex: [^( *|.*[/\])(ld|CMAKE_LINK_STARTFILE-NOTFOUND|([^/\]+-)?ld|collect2)[^/\]*( |$)]
  ignore line: [Change Dir: /home/ics46b/projects/proj1/out/CMakeFiles/CMakeTmp]
  ignore line: []
  ignore line: [Run Build Command:"/usr/bin/make" "cmTC_4cbf8/fast"]
  ignore line: [/usr/bin/make -f CMakeFiles/cmTC_4cbf8.dir/build.make CMakeFiles/cmTC_4cbf8.dir/build]
  ignore line: [make[1]: Entering directory '/home/ics46b/projects/proj1/out/CMakeFiles/CMakeTmp']
  ignore line: [Building C object CMakeFiles/cmTC_4cbf8.dir/CMakeCCompilerABI.c.o]
  ignore line: [/usr/bin/clang    -o CMakeFiles/cmTC_4cbf8.dir/CMakeCCompilerABI.c.o   -c /usr/share/cmake-3.10/Modules/CMakeCCompilerABI.c]
  ignore line: [Linking C executable cmTC_4cbf8]
  ignore line: [/usr/bin/cmake -E cmake_link_script CMakeFiles/cmTC_4cbf8.dir/link.txt --verbose=1]
  ignore line: [/usr/bin/clang     -v CMakeFiles/cmTC_4cbf8.dir/CMakeCCompilerABI.c.o  -o cmTC_4cbf8 ]
  ignore line: [clang version 8.0.1-svn369350-1~exp1~20190820121219.79 (branches/release_80)]
  ignore line: [Target: x86_64-pc-linux-gnu]
  ignore line: [Thread model: posix]
  ignore line: [InstalledDir: /usr/bin]
  ignore line: [Found candidate GCC installation: /usr/bin/../lib/gcc/x86_64-linux-gnu/7]
  ignore line: [Found candidate GCC installation: /usr/bin/../lib/gcc/x86_64-linux-gnu/7.4.0]
  ignore line: [Found candidate GCC installation: /usr/bin/../lib/gcc/x86_64-linux-gnu/8]
  ignore line: [Found candidate GCC installation: /usr/lib/gcc/x86_64-linux-gnu/7]
  ignore line: [Found candidate GCC installation: /usr/lib/gcc/x86_64-linux-gnu/7.4.0]
  ignore line: [Found candidate GCC installation: /usr/lib/gcc/x86_64-linux-gnu/8]
  ignore line: [Selected GCC installation: /usr/bin/../lib/gcc/x86_64-linux-gnu/7.4.0]
  ignore line: [Candidate multilib: .]
  ignore line: [@m64]
  ignore line: [Selected multilib: .]
  ignore line: [@m64]
  link line: [ "/usr/bin/ld" -z relro --hash-style=gnu --build-id --eh-frame-hdr -m elf_x86_64 -dynamic-linker /lib64/ld-linux-x86-64.so.2 -o cmTC_4cbf8 /usr/bin/../lib/gcc/x86_64-linux-gnu/7.4.0/../../../x86_64-linux-gnu/crt1.o /usr/bin/../lib/gcc/x86_64-linux-gnu/7.4.0/../../../x86_64-linux-gnu/crti.o /usr/bin/../lib/gcc/x86_64-linux-gnu/7.4.0/crtbegin.o -L/usr/bin/../lib/gcc/x86_64-linux-gnu/7.4.0 -L/usr/bin/../lib/gcc/x86_64-linux-gnu/7.4.0/../../../x86_64-linux-gnu -L/lib/x86_64-linux-gnu -L/lib/../lib64 -L/usr/lib/x86_64-linux-gnu -L/usr/bin/../lib/gcc/x86_64-linux-gnu/7.4.0/../../.. -L/usr/lib/llvm-8/bin/../lib -L/lib -L/usr/lib CMakeFiles/cmTC_4cbf8.dir/CMakeCCompilerABI.c.o -lgcc --as-needed -lgcc_s --no-as-needed -lc -lgcc --as-needed -lgcc_s --no-as-needed /usr/bin/../lib/gcc/x86_64-linux-gnu/7.4.0/crtend.o /usr/bin/../lib/gcc/x86_64-linux-gnu/7.4.0/../../../x86_64-linux-gnu/crtn.o]
    arg [/usr/bin/ld] ==> ignore
    arg [-zrelro] ==> ignore
    arg [--hash-style=gnu] ==> ignore
    arg [--build-id] ==> ignore
    arg [--eh-frame-hdr] ==> ignore
    arg [-m] ==> ignore
    arg [elf_x86_64] ==> ignore
    arg [-dynamic-linker] ==> ignore
    arg [/lib64/ld-linux-x86-64.so.2] ==> ignore
    arg [-o] ==> ignore
    arg [cmTC_4cbf8] ==> ignore
    arg [/usr/bin/../lib/gcc/x86_64-linux-gnu/7.4.0/../../../x86_64-linux-gnu/crt1.o] ==> ignore
    arg [/usr/bin/../lib/gcc/x86_64-linux-gnu/7.4.0/../../../x86_64-linux-gnu/crti.o] ==> ignore
    arg [/usr/bin/../lib/gcc/x86_64-linux-gnu/7.4.0/crtbegin.o] ==> ignore
    arg [-L/usr/bin/../lib/gcc/x86_64-linux-gnu/7.4.0] ==> dir [/usr/bin/../lib/gcc/x86_64-linux-gnu/7.4.0]
    arg [-L/usr/bin/../lib/gcc/x86_64-linux-gnu/7.4.0/../../../x86_64-linux-gnu] ==> dir [/usr/bin/../lib/gcc/x86_64-linux-gnu/7.4.0/../../../x86_64-linux-gnu]
    arg [-L/lib/x86_64-linux-gnu] ==> dir [/lib/x86_64-linux-gnu]
    arg [-L/lib/../lib64] ==> dir [/lib/../lib64]
    arg [-L/usr/lib/x86_64-linux-gnu] ==> dir [/usr/lib/x86_64-linux-gnu]
    arg [-L/usr/bin/../lib/gcc/x86_64-linux-gnu/7.4.0/../../..] ==> dir [/usr/bin/../lib/gcc/x86_64-linux-gnu/7.4.0/../../..]
    arg [-L/usr/lib/llvm-8/bin/../lib] ==> dir [/usr/lib/llvm-8/bin/../lib]
    arg [-L/lib] ==> dir [/lib]
    arg [-L/usr/lib] ==> dir [/usr/lib]
    arg [CMakeFiles/cmTC_4cbf8.dir/CMakeCCompilerABI.c.o] ==> ignore
    arg [-lgcc] ==> lib [gcc]
    arg [--as-needed] ==> ignore
    arg [-lgcc_s] ==> lib [gcc_s]
    arg [--no-as-needed] ==> ignore
    arg [-lc] ==> lib [c]
    arg [-lgcc] ==> lib [gcc]
    arg [--as-needed] ==> ignore
    arg [-lgcc_s] ==> lib [gcc_s]
    arg [--no-as-needed] ==> ignore
    arg [/usr/bin/../lib/gcc/x86_64-linux-gnu/7.4.0/crtend.o] ==> ignore
    arg [/usr/bin/../lib/gcc/x86_64-linux-gnu/7.4.0/../../../x86_64-linux-gnu/crtn.o] ==> ignore
  collapse library dir [/usr/bin/../lib/gcc/x86_64-linux-gnu/7.4.0] ==> [/usr/lib/gcc/x86_64-linux-gnu/7.4.0]
  collapse library dir [/usr/bin/../lib/gcc/x86_64-linux-gnu/7.4.0/../../../x86_64-linux-gnu] ==> [/usr/lib/x86_64-linux-gnu]
  collapse library dir [/lib/x86_64-linux-gnu] ==> [/lib/x86_64-linux-gnu]
  collapse library dir [/lib/../lib64] ==> [/lib64]
  collapse library dir [/usr/lib/x86_64-linux-gnu] ==> [/usr/lib/x86_64-linux-gnu]
  collapse library dir [/usr/bin/../lib/gcc/x86_64-linux-gnu/7.4.0/../../..] ==> [/usr/lib]
  collapse library dir [/usr/lib/llvm-8/bin/../lib] ==> [/usr/lib/llvm-8/lib]
  collapse library dir [/lib] ==> [/lib]
  collapse library dir [/usr/lib] ==> [/usr/lib]
  implicit libs: [gcc;gcc_s;c;gcc;gcc_s]
  implicit dirs: [/usr/lib/gcc/x86_64-linux-gnu/7.4.0;/usr/lib/x86_64-linux-gnu;/lib/x86_64-linux-gnu;/lib64;/usr/lib;/usr/lib/llvm-8/lib;/lib]
  implicit fwks: []




Detecting C [-std=c11] compiler features compiled with the following output:
Change Dir: /home/ics46b/projects/proj1/out/CMakeFiles/CMakeTmp

Run Build Command:"/usr/bin/make" "cmTC_59b62/fast"
/usr/bin/make -f CMakeFiles/cmTC_59b62.dir/build.make CMakeFiles/cmTC_59b62.dir/build
make[1]: Entering directory '/home/ics46b/projects/proj1/out/CMakeFiles/CMakeTmp'
Building C object CMakeFiles/cmTC_59b62.dir/feature_tests.c.o
/usr/bin/clang   -std=c11 -o CMakeFiles/cmTC_59b62.dir/feature_tests.c.o   -c /home/ics46b/projects/proj1/out/CMakeFiles/feature_tests.c
Linking C executable cmTC_59b62
/usr/bin/cmake -E cmake_link_script CMakeFiles/cmTC_59b62.dir/link.txt --verbose=1
/usr/bin/clang      CMakeFiles/cmTC_59b62.dir/feature_tests.c.o  -o cmTC_59b62 
make[1]: Leaving directory '/home/ics46b/projects/proj1/out/CMakeFiles/CMakeTmp'


    Feature record: C_FEATURE:1c_function_prototypes
    Feature record: C_FEATURE:1c_restrict
    Feature record: C_FEATURE:1c_static_assert
    Feature record: C_FEATURE:1c_variadic_macros


Detecting C [-std=c99] compiler features compiled with the following output:
Change Dir: /home/ics46b/projects/proj1/out/CMakeFiles/CMakeTmp

Run Build Command:"/usr/bin/make" "cmTC_d9b7e/fast"
/usr/bin/make -f CMakeFiles/cmTC_d9b7e.dir/build.make CMakeFiles/cmTC_d9b7e.dir/build
make[1]: Entering directory '/home/ics46b/projects/proj1/out/CMakeFiles/CMakeTmp'
Building C object CMakeFiles/cmTC_d9b7e.dir/feature_tests.c.o
/usr/bin/clang   -std=c99 -o CMakeFiles/cmTC_d9b7e.dir/feature_tests.c.o   -c /home/ics46b/projects/proj1/out/CMakeFiles/feature_tests.c
Linking C executable cmTC_d9b7e
/usr/bin/cmake -E cmake_link_script CMakeFiles/cmTC_d9b7e.dir/link.txt --verbose=1
/usr/bin/clang      CMakeFiles/cmTC_d9b7e.dir/feature_tests.c.o  -o cmTC_d9b7e 
make[1]: Leaving directory '/home/ics46b/projects/proj1/out/CMakeFiles/CMakeTmp'


    Feature record: C_FEATURE:1c_function_prototypes
    Feature record: C_FEATURE:1c_restrict
    Feature record: C_FEATURE:0c_static_assert
    Feature record: C_FEATURE:1c_variadic_macros


Detecting C [-std=c90] compiler features compiled with the following output:
Change Dir: /home/ics46b/projects/proj1/out/CMakeFiles/CMakeTmp

Run Build Command:"/usr/bin/make" "cmTC_a2f7a/fast"
/usr/bin/make -f CMakeFiles/cmTC_a2f7a.dir/build.make CMakeFiles/cmTC_a2f7a.dir/build
make[1]: Entering directory '/home/ics46b/projects/proj1/out/CMakeFiles/CMakeTmp'
Building C object CMakeFiles/cmTC_a2f7a.dir/feature_tests.c.o
/usr/bin/clang   -std=c90 -o CMakeFiles/cmTC_a2f7a.dir/feature_tests.c.o   -c /home/ics46b/projects/proj1/out/CMakeFiles/feature_tests.c
Linking C executable cmTC_a2f7a
/usr/bin/cmake -E cmake_link_script CMakeFiles/cmTC_a2f7a.dir/link.txt --verbose=1
/usr/bin/clang      CMakeFiles/cmTC_a2f7a.dir/feature_tests.c.o  -o cmTC_a2f7a 
make[1]: Leaving directory '/home/ics46b/projects/proj1/out/CMakeFiles/CMakeTmp'


    Feature record: C_FEATURE:1c_function_prototypes
    Feature record: C_FEATURE:0c_restrict
    Feature record: C_FEATURE:0c_static_assert
    Feature record: C_FEATURE:0c_variadic_macros
Determining if the CXX compiler works passed with the following output:
Change Dir: /home/ics46b/projects/proj1/out/CMakeFiles/CMakeTmp

Run Build Command:"/usr/bin/make" "cmTC_eb6d7/fast"
/usr/bin/make -f CMakeFiles/cmTC_eb6d7.dir/build.make CMakeFiles/cmTC_eb6d7.dir/build
make[1]: Entering directory '/home/ics46b/projects/proj1/out/CMakeFiles/CMakeTmp'
Building CXX object CMakeFiles/cmTC_eb6d7.dir/testCXXCompiler.cxx.o
/usr/bin/clang++    -std=c++1z -o CMakeFiles/cmTC_eb6d7.dir/testCXXCompiler.cxx.o -c /home/ics46b/projects/proj1/out/CMakeFiles/CMakeTmp/testCXXCompiler.cxx
Linking CXX executable cmTC_eb6d7
/usr/bin/cmake -E cmake_link_script CMakeFiles/cmTC_eb6d7.dir/link.txt --verbose=1
/usr/bin/clang++       CMakeFiles/cmTC_eb6d7.dir/testCXXCompiler.cxx.o  -o cmTC_eb6d7 
make[1]: Leaving directory '/home/ics46b/projects/proj1/out/CMakeFiles/CMakeTmp'


Detecting CXX compiler ABI info compiled with the following output:
Change Dir: /home/ics46b/projects/proj1/out/CMakeFiles/CMakeTmp

Run Build Command:"/usr/bin/make" "cmTC_5a14b/fast"
/usr/bin/make -f CMakeFiles/cmTC_5a14b.dir/build.make CMakeFiles/cmTC_5a14b.dir/build
make[1]: Entering directory '/home/ics46b/projects/proj1/out/CMakeFiles/CMakeTmp'
Building CXX object CMakeFiles/cmTC_5a14b.dir/CMakeCXXCompilerABI.cpp.o
/usr/bin/clang++    -std=c++1z -o CMakeFiles/cmTC_5a14b.dir/CMakeCXXCompilerABI.cpp.o -c /usr/share/cmake-3.10/Modules/CMakeCXXCompilerABI.cpp
Linking CXX executable cmTC_5a14b
/usr/bin/cmake -E cmake_link_script CMakeFiles/cmTC_5a14b.dir/link.txt --verbose=1
/usr/bin/clang++      -v CMakeFiles/cmTC_5a14b.dir/CMakeCXXCompilerABI.cpp.o  -o cmTC_5a14b 
clang version 8.0.1-svn369350-1~exp1~20190820121219.79 (branches/release_80)
Target: x86_64-pc-linux-gnu
Thread model: posix
InstalledDir: /usr/bin
Found candidate GCC installation: /usr/bin/../lib/gcc/x86_64-linux-gnu/7
Found candidate GCC installation: /usr/bin/../lib/gcc/x86_64-linux-gnu/7.4.0
Found candidate GCC installation: /usr/bin/../lib/gcc/x86_64-linux-gnu/8
Found candidate GCC installation: /usr/lib/gcc/x86_64-linux-gnu/7
Found candidate GCC installation: /usr/lib/gcc/x86_64-linux-gnu/7.4.0
Found candidate GCC installation: /usr/lib/gcc/x86_64-linux-gnu/8
Selected GCC installation: /usr/bin/../lib/gcc/x86_64-linux-gnu/7.4.0
Candidate multilib: .;@m64
Selected multilib: .;@m64
 "/usr/bin/ld" -z relro --hash-style=gnu --build-id --eh-frame-hdr -m elf_x86_64 -dynamic-linker /lib64/ld-linux-x86-64.so.2 -o cmTC_5a14b /usr/bin/../lib/gcc/x86_64-linux-gnu/7.4.0/../../../x86_64-linux-gnu/crt1.o /usr/bin/../lib/gcc/x86_64-linux-gnu/7.4.0/../../../x86_64-linux-gnu/crti.o /usr/bin/../lib/gcc/x86_64-linux-gnu/7.4.0/crtbegin.o -L/usr/bin/../lib/gcc/x86_64-linux-gnu/7.4.0 -L/usr/bin/../lib/gcc/x86_64-linux-gnu/7.4.0/../../../x86_64-linux-gnu -L/lib/x86_64-linux-gnu -L/lib/../lib64 -L/usr/lib/x86_64-linux-gnu -L/usr/bin/../lib/gcc/x86_64-linux-gnu/7.4.0/../../.. -L/usr/lib/llvm-8/bin/../lib -L/lib -L/usr/lib CMakeFiles/cmTC_5a14b.dir/CMakeCXXCompilerABI.cpp.o -lstdc++ -lm -lgcc_s -lgcc -lc -lgcc_s -lgcc /usr/bin/../lib/gcc/x86_64-linux-gnu/7.4.0/crtend.o /usr/bin/../lib/gcc/x86_64-linux-gnu/7.4.0/../../../x86_64-linux-gnu/crtn.o
make[1]: Leaving directory '/home/ics46b/projects/proj1/out/CMakeFiles/CMakeTmp'


Parsed CXX implicit link information from above output:
  link line regex: [^( *|.*[/\])(ld|CMAKE_LINK_STARTFILE-NOTFOUND|([^/\]+-)?ld|collect2)[^/\]*( |$)]
  ignore line: [Change Dir: /home/ics46b/projects/proj1/out/CMakeFiles/CMakeTmp]
  ignore line: []
  ignore line: [Run Build Command:"/usr/bin/make" "cmTC_5a14b/fast"]
  ignore line: [/usr/bin/make -f CMakeFiles/cmTC_5a14b.dir/build.make CMakeFiles/cmTC_5a14b.dir/build]
  ignore line: [make[1]: Entering directory '/home/ics46b/projects/proj1/out/CMakeFiles/CMakeTmp']
  ignore line: [Building CXX object CMakeFiles/cmTC_5a14b.dir/CMakeCXXCompilerABI.cpp.o]
  ignore line: [/usr/bin/clang++    -std=c++1z -o CMakeFiles/cmTC_5a14b.dir/CMakeCXXCompilerABI.cpp.o -c /usr/share/cmake-3.10/Modules/CMakeCXXCompilerABI.cpp]
  ignore line: [Linking CXX executable cmTC_5a14b]
  ignore line: [/usr/bin/cmake -E cmake_link_script CMakeFiles/cmTC_5a14b.dir/link.txt --verbose=1]
  ignore line: [/usr/bin/clang++      -v CMakeFiles/cmTC_5a14b.dir/CMakeCXXCompilerABI.cpp.o  -o cmTC_5a14b ]
  ignore line: [clang version 8.0.1-svn369350-1~exp1~20190820121219.79 (branches/release_80)]
  ignore line: [Target: x86_64-pc-linux-gnu]
  ignore line: [Thread model: posix]
  ignore line: [InstalledDir: /usr/bin]
  ignore line: [Found candidate GCC installation: /usr/bin/../lib/gcc/x86_64-linux-gnu/7]
  ignore line: [Found candidate GCC installation: /usr/bin/../lib/gcc/x86_64-linux-gnu/7.4.0]
  ignore line: [Found candidate GCC installation: /usr/bin/../lib/gcc/x86_64-linux-gnu/8]
  ignore line: [Found candidate GCC installation: /usr/lib/gcc/x86_64-linux-gnu/7]
  ignore line: [Found candidate GCC installation: /usr/lib/gcc/x86_64-linux-gnu/7.4.0]
  ignore line: [Found candidate GCC installation: /usr/lib/gcc/x86_64-linux-gnu/8]
  ignore line: [Selected GCC installation: /usr/bin/../lib/gcc/x86_64-linux-gnu/7.4.0]
  ignore line: [Candidate multilib: .]
  ignore line: [@m64]
  ignore line: [Selected multilib: .]
  ignore line: [@m64]
  link line: [ "/usr/bin/ld" -z relro --hash-style=gnu --build-id --eh-frame-hdr -m elf_x86_64 -dynamic-linker /lib64/ld-linux-x86-64.so.2 -o cmTC_5a14b /usr/bin/../lib/gcc/x86_64-linux-gnu/7.4.0/../../../x86_64-linux-gnu/crt1.o /usr/bin/../lib/gcc/x86_64-linux-gnu/7.4.0/../../../x86_64-linux-gnu/crti.o /usr/bin/../lib/gcc/x86_64-linux-gnu/7.4.0/crtbegin.o -L/usr/bin/../lib/gcc/x86_64-linux-gnu/7.4.0 -L/usr/bin/../lib/gcc/x86_64-linux-gnu/7.4.0/../../../x86_64-linux-gnu -L/lib/x86_64-linux-gnu -L/lib/../lib64 -L/usr/lib/x86_64-linux-gnu -L/usr/bin/../lib/gcc/x86_64-linux-gnu/7.4.0/../../.. -L/usr/lib/llvm-8/bin/../lib -L/lib -L/usr/lib CMakeFiles/cmTC_5a14b.dir/CMakeCXXCompilerABI.cpp.o -lstdc++ -lm -lgcc_s -lgcc -lc -lgcc_s -lgcc /usr/bin/../lib/gcc/x86_64-linux-gnu/7.4.0/crtend.o /usr/bin/../lib/gcc/x86_64-linux-gnu/7.4.0/../../../x86_64-linux-gnu/crtn.o]
    arg [/usr/bin/ld] ==> ignore
    arg [-zrelro] ==> ignore
    arg [--hash-style=gnu] ==> ignore
    arg [--build-id] ==> ignore
    arg [--eh-frame-hdr] ==> ignore
    arg [-m] ==> ignore
    arg [elf_x86_64] ==> ignore
    arg [-dynamic-linker] ==> ignore
    arg [/lib64/ld-linux-x86-64.so.2] ==> ignore
    arg [-o] ==> ignore
    arg [cmTC_5a14b] ==> ignore
    arg [/usr/bin/../lib/gcc/x86_64-linux-gnu/7.4.0/../../../x86_64-linux-gnu/crt1.o] ==> ignore
    arg [/usr/bin/../lib/gcc/x86_64-linux-gnu/7.4.0/../../../x86_64-linux-gnu/crti.o] ==> ignore
    arg [/usr/bin/../lib/gcc/x86_64-linux-gnu/7.4.0/crtbegin.o] ==> ignore
    arg [-L/usr/bin/../lib/gcc/x86_64-linux-gnu/7.4.0] ==> dir [/usr/bin/../lib/gcc/x86_64-linux-gnu/7.4.0]
    arg [-L/usr/bin/../lib/gcc/x86_64-linux-gnu/7.4.0/../../../x86_64-linux-gnu] ==> dir [/usr/bin/../lib/gcc/x86_64-linux-gnu/7.4.0/../../../x86_64-linux-gnu]
    arg [-L/lib/x86_64-linux-gnu] ==> dir [/lib/x86_64-linux-gnu]
    arg [-L/lib/../lib64] ==> dir [/lib/../lib64]
    arg [-L/usr/lib/x86_64-linux-gnu] ==> dir [/usr/lib/x86_64-linux-gnu]
    arg [-L/usr/bin/../lib/gcc/x86_64-linux-gnu/7.4.0/../../..] ==> dir [/usr/bin/../lib/gcc/x86_64-linux-gnu/7.4.0/../../..]
    arg [-L/usr/lib/llvm-8/bin/../lib] ==> dir [/usr/lib/llvm-8/bin/../lib]
    arg [-L/lib] ==> dir [/lib]
    arg [-L/usr/lib] ==> dir [/usr/lib]
    arg [CMakeFiles/cmTC_5a14b.dir/CMakeCXXCompilerABI.cpp.o] ==> ignore
    arg [-lstdc++] ==> lib [stdc++]
    arg [-lm] ==> lib [m]
    arg [-lgcc_s] ==> lib [gcc_s]
    arg [-lgcc] ==> lib [gcc]
    arg [-lc] ==> lib [c]
    arg [-lgcc_s] ==> lib [gcc_s]
    arg [-lgcc] ==> lib [gcc]
    arg [/usr/bin/../lib/gcc/x86_64-linux-gnu/7.4.0/crtend.o] ==> ignore
    arg [/usr/bin/../lib/gcc/x86_64-linux-gnu/7.4.0/../../../x86_64-linux-gnu/crtn.o] ==> ignore
  collapse library dir [/usr/bin/../lib/gcc/x86_64-linux-gnu/7.4.0] ==> [/usr/lib/gcc/x86_64-linux-gnu/7.4.0]
  collapse library dir [/usr/bin/../lib/gcc/x86_64-linux-gnu/7.4.0/../../../x86_64-linux-gnu] ==> [/usr/lib/x86_64-linux-gnu]
  collapse library dir [/lib/x86_64-linux-gnu] ==> [/lib/x86_64-linux-gnu]
  collapse library dir [/lib/../lib64] ==> [/lib64]
  collapse library dir [/usr/lib/x86_64-linux-gnu] ==> [/usr/lib/x86_64-linux-gnu]
  collapse library dir [/usr/bin/../lib/gcc/x86_64-linux-gnu/7.4.0/../../..] ==> [/usr/lib]
  collapse library dir [/usr/lib/llvm-8/bin/../lib] ==> [/usr/lib/llvm-8/lib]
  collapse library dir [/lib] ==> [/lib]
  collapse library dir [/usr/lib] ==> [/usr/lib]
  implicit libs: [stdc++;m;gcc_s;gcc;c;gcc_s;gcc]
  implicit dirs: [/usr/lib/gcc/x86_64-linux-gnu/7.4.0;/usr/lib/x86_64-linux-gnu;/lib/x86_64-linux-gnu;/lib64;/usr/lib;/usr/lib/llvm-8/lib;/lib]
  implicit fwks: []




Detecting CXX [-std=c++1z] compiler features compiled with the following output:
Change Dir: /home/ics46b/projects/proj1/out/CMakeFiles/CMakeTmp

Run Build Command:"/usr/bin/make" "cmTC_6dd6d/fast"
/usr/bin/make -f CMakeFiles/cmTC_6dd6d.dir/build.make CMakeFiles/cmTC_6dd6d.dir/build
make[1]: Entering directory '/home/ics46b/projects/proj1/out/CMakeFiles/CMakeTmp'
Building CXX object CMakeFiles/cmTC_6dd6d.dir/feature_tests.cxx.o
/usr/bin/clang++    -std=c++1z -std=c++1z -o CMakeFiles/cmTC_6dd6d.dir/feature_tests.cxx.o -c /home/ics46b/projects/proj1/out/CMakeFiles/feature_tests.cxx
Linking CXX executable cmTC_6dd6d
/usr/bin/cmake -E cmake_link_script CMakeFiles/cmTC_6dd6d.dir/link.txt --verbose=1
/usr/bin/clang++       CMakeFiles/cmTC_6dd6d.dir/feature_tests.cxx.o  -o cmTC_6dd6d 
make[1]: Leaving directory '/home/ics46b/projects/proj1/out/CMakeFiles/CMakeTmp'


    Feature record: CXX_FEATURE:1cxx_aggregate_default_initializers
    Feature record: CXX_FEATURE:1cxx_alias_templates
    Feature record: CXX_FEATURE:1cxx_alignas
    Feature record: CXX_FEATURE:1cxx_alignof
    Feature record: CXX_FEATURE:1cxx_attributes
    Feature record: CXX_FEATURE:1cxx_attribute_deprecated
    Feature record: CXX_FEATURE:1cxx_auto_type
    Feature record: CXX_FEATURE:1cxx_binary_literals
    Feature record: CXX_FEATURE:1cxx_constexpr
    Feature record: CXX_FEATURE:1cxx_contextual_conversions
    Feature record: CXX_FEATURE:1cxx_decltype
    Feature record: CXX_FEATURE:1cxx_decltype_auto
    Feature record: CXX_FEATURE:1cxx_decltype_incomplete_return_types
    Feature record: CXX_FEATURE:1cxx_default_function_template_args
    Feature record: CXX_FEATURE:1cxx_defaulted_functions
    Feature record: CXX_FEATURE:1cxx_defaulted_move_initializers
    Feature record: CXX_FEATURE:1cxx_delegating_constructors
    Feature record: CXX_FEATURE:1cxx_deleted_functions
    Feature record: CXX_FEATURE:1cxx_digit_separators
    Feature record: CXX_FEATURE:1cxx_enum_forward_declarations
    Feature record: CXX_FEATURE:1cxx_explicit_conversions
    Feature record: CXX_FEATURE:1cxx_extended_friend_declarations
    Feature record: CXX_FEATURE:1cxx_extern_templates
    Feature record: CXX_FEATURE:1cxx_final
    Feature record: CXX_FEATURE:1cxx_func_identifier
    Feature record: CXX_FEATURE:1cxx_generalized_initializers
    Feature record: CXX_FEATURE:1cxx_generic_lambdas
    Feature record: CXX_FEATURE:1cxx_inheriting_constructors
    Feature record: CXX_FEATURE:1cxx_inline_namespaces
    Feature record: CXX_FEATURE:1cxx_lambdas
    Feature record: CXX_FEATURE:1cxx_lambda_init_captures
    Feature record: CXX_FEATURE:1cxx_local_type_template_args
    Feature record: CXX_FEATURE:1cxx_long_long_type
    Feature record: CXX_FEATURE:1cxx_noexcept
    Feature record: CXX_FEATURE:1cxx_nonstatic_member_init
    Feature record: CXX_FEATURE:1cxx_nullptr
    Feature record: CXX_FEATURE:1cxx_override
    Feature record: CXX_FEATURE:1cxx_range_for
    Feature record: CXX_FEATURE:1cxx_raw_string_literals
    Feature record: CXX_FEATURE:1cxx_reference_qualified_functions
    Feature record: CXX_FEATURE:1cxx_relaxed_constexpr
    Feature record: CXX_FEATURE:1cxx_return_type_deduction
    Feature record: CXX_FEATURE:1cxx_right_angle_brackets
    Feature record: CXX_FEATURE:1cxx_rvalue_references
    Feature record: CXX_FEATURE:1cxx_sizeof_member
    Feature record: CXX_FEATURE:1cxx_static_assert
    Feature record: CXX_FEATURE:1cxx_strong_enums
    Feature record: CXX_FEATURE:1cxx_template_template_parameters
    Feature record: CXX_FEATURE:1cxx_thread_local
    Feature record: CXX_FEATURE:1cxx_trailing_return_types
    Feature record: CXX_FEATURE:1cxx_unicode_literals
    Feature record: CXX_FEATURE:1cxx_uniform_initialization
    Feature record: CXX_FEATURE:1cxx_unrestricted_unions
    Feature record: CXX_FEATURE:1cxx_user_literals
    Feature record: CXX_FEATURE:1cxx_variable_templates
    Feature record: CXX_FEATURE:1cxx_variadic_macros
    Feature record: CXX_FEATURE:1cxx_variadic_templates


Detecting CXX [-std=c++14] compiler features compiled with the following output:
Change Dir: /home/ics46b/projects/proj1/out/CMakeFiles/CMakeTmp

Run Build Command:"/usr/bin/make" "cmTC_fd7ff/fast"
/usr/bin/make -f CMakeFiles/cmTC_fd7ff.dir/build.make CMakeFiles/cmTC_fd7ff.dir/build
make[1]: Entering directory '/home/ics46b/projects/proj1/out/CMakeFiles/CMakeTmp'
Building CXX object CMakeFiles/cmTC_fd7ff.dir/feature_tests.cxx.o
/usr/bin/clang++    -std=c++14 -std=c++1z -o CMakeFiles/cmTC_fd7ff.dir/feature_tests.cxx.o -c /home/ics46b/projects/proj1/out/CMakeFiles/feature_tests.cxx
Linking CXX executable cmTC_fd7ff
/usr/bin/cmake -E cmake_link_script CMakeFiles/cmTC_fd7ff.dir/link.txt --verbose=1
/usr/bin/clang++       CMakeFiles/cmTC_fd7ff.dir/feature_tests.cxx.o  -o cmTC_fd7ff 
make[1]: Leaving directory '/home/ics46b/projects/proj1/out/CMakeFiles/CMakeTmp'


    Feature record: CXX_FEATURE:1cxx_aggregate_default_initializers
    Feature record: CXX_FEATURE:1cxx_alias_templates
    Feature record: CXX_FEATURE:1cxx_alignas
    Feature record: CXX_FEATURE:1cxx_alignof
    Feature record: CXX_FEATURE:1cxx_attributes
    Feature record: CXX_FEATURE:1cxx_attribute_deprecated
    Feature record: CXX_FEATURE:1cxx_auto_type
    Feature record: CXX_FEATURE:1cxx_binary_literals
    Feature record: CXX_FEATURE:1cxx_constexpr
    Feature record: CXX_FEATURE:1cxx_contextual_conversions
    Feature record: CXX_FEATURE:1cxx_decltype
    Feature record: CXX_FEATURE:1cxx_decltype_auto
    Feature record: CXX_FEATURE:1cxx_decltype_incomplete_return_types
    Feature record: CXX_FEATURE:1cxx_default_function_template_args
    Feature record: CXX_FEATURE:1cxx_defaulted_functions
    Feature record: CXX_FEATURE:1cxx_defaulted_move_initializers
    Feature record: CXX_FEATURE:1cxx_delegating_constructors
    Feature record: CXX_FEATURE:1cxx_deleted_functions
    Feature record: CXX_FEATURE:1cxx_digit_separators
    Feature record: CXX_FEATURE:1cxx_enum_forward_declarations
    Feature record: CXX_FEATURE:1cxx_explicit_conversions
    Feature record: CXX_FEATURE:1cxx_extended_friend_declarations
    Feature record: CXX_FEATURE:1cxx_extern_templates
    Feature record: CXX_FEATURE:1cxx_final
    Feature record: CXX_FEATURE:1cxx_func_identifier
    Feature record: CXX_FEATURE:1cxx_generalized_initializers
    Feature record: CXX_FEATURE:1cxx_generic_lambdas
    Feature record: CXX_FEATURE:1cxx_inheriting_constructors
    Feature record: CXX_FEATURE:1cxx_inline_namespaces
    Feature record: CXX_FEATURE:1cxx_lambdas
    Feature record: CXX_FEATURE:1cxx_lambda_init_captures
    Feature record: CXX_FEATURE:1cxx_local_type_template_args
    Feature record: CXX_FEATURE:1cxx_long_long_type
    Feature record: CXX_FEATURE:1cxx_noexcept
    Feature record: CXX_FEATURE:1cxx_nonstatic_member_init
    Feature record: CXX_FEATURE:1cxx_nullptr
    Feature record: CXX_FEATURE:1cxx_override
    Feature record: CXX_FEATURE:1cxx_range_for
    Feature record: CXX_FEATURE:1cxx_raw_string_literals
    Feature record: CXX_FEATURE:1cxx_reference_qualified_functions
    Feature record: CXX_FEATURE:1cxx_relaxed_constexpr
    Feature record: CXX_FEATURE:1cxx_return_type_deduction
    Feature record: CXX_FEATURE:1cxx_right_angle_brackets
    Feature record: CXX_FEATURE:1cxx_rvalue_references
    Feature record: CXX_FEATURE:1cxx_sizeof_member
    Feature record: CXX_FEATURE:1cxx_static_assert
    Feature record: CXX_FEATURE:1cxx_strong_enums
    Feature record: CXX_FEATURE:1cxx_template_template_parameters
    Feature record: CXX_FEATURE:1cxx_thread_local
    Feature record: CXX_FEATURE:1cxx_trailing_return_types
    Feature record: CXX_FEATURE:1cxx_unicode_literals
    Feature record: CXX_FEATURE:1cxx_uniform_initialization
    Feature record: CXX_FEATURE:1cxx_unrestricted_unions
    Feature record: CXX_FEATURE:1cxx_user_literals
    Feature record: CXX_FEATURE:1cxx_variable_templates
    Feature record: CXX_FEATURE:1cxx_variadic_macros
    Feature record: CXX_FEATURE:1cxx_variadic_templates


Detecting CXX [-std=c++11] compiler features compiled with the following output:
Change Dir: /home/ics46b/projects/proj1/out/CMakeFiles/CMakeTmp

Run Build Command:"/usr/bin/make" "cmTC_26d2d/fast"
/usr/bin/make -f CMakeFiles/cmTC_26d2d.dir/build.make CMakeFiles/cmTC_26d2d.dir/build
make[1]: Entering directory '/home/ics46b/projects/proj1/out/CMakeFiles/CMakeTmp'
Building CXX object CMakeFiles/cmTC_26d2d.dir/feature_tests.cxx.o
/usr/bin/clang++    -std=c++11 -std=c++1z -o CMakeFiles/cmTC_26d2d.dir/feature_tests.cxx.o -c /home/ics46b/projects/proj1/out/CMakeFiles/feature_tests.cxx
Linking CXX executable cmTC_26d2d
/usr/bin/cmake -E cmake_link_script CMakeFiles/cmTC_26d2d.dir/link.txt --verbose=1
/usr/bin/clang++       CMakeFiles/cmTC_26d2d.dir/feature_tests.cxx.o  -o cmTC_26d2d 
make[1]: Leaving directory '/home/ics46b/projects/proj1/out/CMakeFiles/CMakeTmp'


    Feature record: CXX_FEATURE:1cxx_aggregate_default_initializers
    Feature record: CXX_FEATURE:1cxx_alias_templates
    Feature record: CXX_FEATURE:1cxx_alignas
    Feature record: CXX_FEATURE:1cxx_alignof
    Feature record: CXX_FEATURE:1cxx_attributes
    Feature record: CXX_FEATURE:1cxx_attribute_deprecated
    Feature record: CXX_FEATURE:1cxx_auto_type
    Feature record: CXX_FEATURE:1cxx_binary_literals
    Feature record: CXX_FEATURE:1cxx_constexpr
    Feature record: CXX_FEATURE:1cxx_contextual_conversions
    Feature record: CXX_FEATURE:1cxx_decltype
    Feature record: CXX_FEATURE:1cxx_decltype_auto
    Feature record: CXX_FEATURE:1cxx_decltype_incomplete_return_types
    Feature record: CXX_FEATURE:1cxx_default_function_template_args
    Feature record: CXX_FEATURE:1cxx_defaulted_functions
    Feature record: CXX_FEATURE:1cxx_defaulted_move_initializers
    Feature record: CXX_FEATURE:1cxx_delegating_constructors
    Feature record: CXX_FEATURE:1cxx_deleted_functions
    Feature record: CXX_FEATURE:1cxx_digit_separators
    Feature record: CXX_FEATURE:1cxx_enum_forward_declarations
    Feature record: CXX_FEATURE:1cxx_explicit_conversions
    Feature record: CXX_FEATURE:1cxx_extended_friend_declarations
    Feature record: CXX_FEATURE:1cxx_extern_templates
    Feature record: CXX_FEATURE:1cxx_final
    Feature record: CXX_FEATURE:1cxx_func_identifier
    Feature record: CXX_FEATURE:1cxx_generalized_initializers
    Feature record: CXX_FEATURE:1cxx_generic_lambdas
    Feature record: CXX_FEATURE:1cxx_inheriting_constructors
    Feature record: CXX_FEATURE:1cxx_inline_namespaces
    Feature record: CXX_FEATURE:1cxx_lambdas
    Feature record: CXX_FEATURE:1cxx_lambda_init_captures
    Feature record: CXX_FEATURE:1cxx_local_type_template_args
    Feature record: CXX_FEATURE:1cxx_long_long_type
    Feature record: CXX_FEATURE:1cxx_noexcept
    Feature record: CXX_FEATURE:1cxx_nonstatic_member_init
    Feature record: CXX_FEATURE:1cxx_nullptr
    Feature record: CXX_FEATURE:1cxx_override
    Feature record: CXX_FEATURE:1cxx_range_for
    Feature record: CXX_FEATURE:1cxx_raw_string_literals
    Feature record: CXX_FEATURE:1cxx_reference_qualified_functions
    Feature record: CXX_FEATURE:1cxx_relaxed_constexpr
    Feature record: CXX_FEATURE:1cxx_return_type_deduction
    Feature record: CXX_FEATURE:1cxx_right_angle_brackets
    Feature record: CXX_FEATURE:1cxx_rvalue_references
    Feature record: CXX_FEATURE:1cxx_sizeof_member
    Feature record: CXX_FEATURE:1cxx_static_assert
    Feature record: CXX_FEATURE:1cxx_strong_enums
    Feature record: CXX_FEATURE:1cxx_template_template_parameters
    Feature record: CXX_FEATURE:1cxx_thread_local
    Feature record: CXX_FEATURE:1cxx_trailing_return_types
    Feature record: CXX_FEATURE:1cxx_unicode_literals
    Feature record: CXX_FEATURE:1cxx_uniform_initialization
    Feature record: CXX_FEATURE:1cxx_unrestricted_unions
    Feature record: CXX_FEATURE:1cxx_user_literals
    Feature record: CXX_FEATURE:1cxx_variable_templates
    Feature record: CXX_FEATURE:1cxx_variadic_macros
    Feature record: CXX_FEATURE:1cxx_variadic_templates


Detecting CXX [-std=c++98] compiler features compiled with the following output:
Change Dir: /home/ics46b/projects/proj1/out/CMakeFiles/CMakeTmp

Run Build Command:"/usr/bin/make" "cmTC_7c6f9/fast"
/usr/bin/make -f CMakeFiles/cmTC_7c6f9.dir/build.make CMakeFiles/cmTC_7c6f9.dir/build
make[1]: Entering directory '/home/ics46b/projects/proj1/out/CMakeFiles/CMakeTmp'
Building CXX object CMakeFiles/cmTC_7c6f9.dir/feature_tests.cxx.o
/usr/bin/clang++    -std=c++98 -std=c++1z -o CMakeFiles/cmTC_7c6f9.dir/feature_tests.cxx.o -c /home/ics46b/projects/proj1/out/CMakeFiles/feature_tests.cxx
Linking CXX executable cmTC_7c6f9
/usr/bin/cmake -E cmake_link_script CMakeFiles/cmTC_7c6f9.dir/link.txt --verbose=1
/usr/bin/clang++       CMakeFiles/cmTC_7c6f9.dir/feature_tests.cxx.o  -o cmTC_7c6f9 
make[1]: Leaving directory '/home/ics46b/projects/proj1/out/CMakeFiles/CMakeTmp'


    Feature record: CXX_FEATURE:1cxx_aggregate_default_initializers
    Feature record: CXX_FEATURE:1cxx_alias_templates
    Feature record: CXX_FEATURE:1cxx_alignas
    Feature record: CXX_FEATURE:1cxx_alignof
    Feature record: CXX_FEATURE:1cxx_attributes
    Feature record: CXX_FEATURE:1cxx_attribute_deprecated
    Feature record: CXX_FEATURE:1cxx_auto_type
    Feature record: CXX_FEATURE:1cxx_binary_literals
    Feature record: CXX_FEATURE:1cxx_constexpr
    Feature record: CXX_FEATURE:1cxx_contextual_conversions
    Feature record: CXX_FEATURE:1cxx_decltype
    Feature record: CXX_FEATURE:1cxx_decltype_auto
    Feature record: CXX_FEATURE:1cxx_decltype_incomplete_return_types
    Feature record: CXX_FEATURE:1cxx_default_function_template_args
    Feature record: CXX_FEATURE:1cxx_defaulted_functions
    Feature record: CXX_FEATURE:1cxx_defaulted_move_initializers
    Feature record: CXX_FEATURE:1cxx_delegating_constructors
    Feature record: CXX_FEATURE:1cxx_deleted_functions
    Feature record: CXX_FEATURE:1cxx_digit_separators
    Feature record: CXX_FEATURE:1cxx_enum_forward_declarations
    Feature record: CXX_FEATURE:1cxx_explicit_conversions
    Feature record: CXX_FEATURE:1cxx_extended_friend_declarations
    Feature record: CXX_FEATURE:1cxx_extern_templates
    Feature record: CXX_FEATURE:1cxx_final
    Feature record: CXX_FEATURE:1cxx_func_identifier
    Feature record: CXX_FEATURE:1cxx_generalized_initializers
    Feature record: CXX_FEATURE:1cxx_generic_lambdas
    Feature record: CXX_FEATURE:1cxx_inheriting_constructors
    Feature record: CXX_FEATURE:1cxx_inline_namespaces
    Feature record: CXX_FEATURE:1cxx_lambdas
    Feature record: CXX_FEATURE:1cxx_lambda_init_captures
    Feature record: CXX_FEATURE:1cxx_local_type_template_args
    Feature record: CXX_FEATURE:1cxx_long_long_type
    Feature record: CXX_FEATURE:1cxx_noexcept
    Feature record: CXX_FEATURE:1cxx_nonstatic_member_init
    Feature record: CXX_FEATURE:1cxx_nullptr
    Feature record: CXX_FEATURE:1cxx_override
    Feature record: CXX_FEATURE:1cxx_range_for
    Feature record: CXX_FEATURE:1cxx_raw_string_literals
    Feature record: CXX_FEATURE:1cxx_reference_qualified_functions
    Feature record: CXX_FEATURE:1cxx_relaxed_constexpr
    Feature record: CXX_FEATURE:1cxx_return_type_deduction
    Feature record: CXX_FEATURE:1cxx_right_angle_brackets
    Feature record: CXX_FEATURE:1cxx_rvalue_references
    Feature record: CXX_FEATURE:1cxx_sizeof_member
    Feature record: CXX_FEATURE:1cxx_static_assert
    Feature record: CXX_FEATURE:1cxx_strong_enums
    Feature record: CXX_FEATURE:1cxx_template_template_parameters
    Feature record: CXX_FEATURE:1cxx_thread_local
    Feature record: CXX_FEATURE:1cxx_trailing_return_types
    Feature record: CXX_FEATURE:1cxx_unicode_literals
    Feature record: CXX_FEATURE:1cxx_uniform_initialization
    Feature record: CXX_FEATURE:1cxx_unrestricted_unions
    Feature record: CXX_FEATURE:1cxx_user_literals
    Feature record: CXX_FEATURE:1cxx_variable_templates
    Feature record: CXX_FEATURE:1cxx_variadic_macros
    Feature record: CXX_FEATURE:1cxx_variadic_templates
